[2026-05-12 14:47:32] ====================================
[2026-05-12 14:47:32] BodyGate Bridge V2 avviato
[2026-05-12 14:47:32] Controller: 192.168.1.251:8000
[2026-05-12 14:47:32] ====================================
[2026-05-12 14:47:32] Connessione controller: True
[2026-05-12 14:47:32] HTTP server avviato
[2026-05-12 14:47:53] ================================
[2026-05-12 14:47:53] BADGE CENTRALINA
[2026-05-12 14:47:53] Badge: 9340243
[2026-05-12 14:47:53] Reader: 0
[2026-05-12 14:47:53] Door: 1
[2026-05-12 14:47:53] EventType: 1
[2026-05-12 14:47:53] ================================
[2026-05-12 14:47:53] Invio OpenDoor...
[2026-05-12 14:47:53] Risultato OpenDoor: False
[2026-05-12 14:47:53] ACCESSO NEGATO
[2026-05-12 16:17:15] ====================================
[2026-05-12 16:17:15] BodyGate Bridge V3.1 avviato
[2026-05-12 16:17:15] Controller: 192.168.1.251:8000
[2026-05-12 16:17:15] BodyGate API: http://localhost:3000/api/access/check
[2026-05-12 16:17:15] Fallback se API offline: ACCESSO NEGATO
[2026-05-12 16:17:15] Open retry: 3 tentativi
[2026-05-12 16:17:15] ====================================
[2026-05-12 16:17:15] Connessione controller: True
[2026-05-12 16:17:15] HTTP server avviato su http://localhost:5050/
[2026-05-12 16:17:47] ================================
[2026-05-12 16:17:47] BADGE CENTRALINA
[2026-05-12 16:17:47] Badge: 12775289
[2026-05-12 16:17:47] Reader: 0
[2026-05-12 16:17:47] Door: 1
[2026-05-12 16:17:47] EventType: 1
[2026-05-12 16:17:47] Data/Ora evento: 12/11/2004 15:28:26
[2026-05-12 16:17:47] ================================
[2026-05-12 16:17:47] Verifica BodyGate per badge: 12775289
[2026-05-12 16:17:47] Risposta BodyGate: {"ok":false,"allowed":false,"reason":"Badge non valido o non attivo"}
[2026-05-12 16:17:47] ACCESSO NEGATO DA BODYGATE: 12775289
[2026-05-12 16:17:47] Badge duplicato ignorato: 12775289
[2026-05-12 16:17:47] ================================
[2026-05-12 16:17:47] BADGE CENTRALINA
[2026-05-12 16:17:47] Badge: 9340243
[2026-05-12 16:17:47] Reader: 0
[2026-05-12 16:17:47] Door: 1
[2026-05-12 16:17:47] EventType: 1
[2026-05-12 16:17:47] Data/Ora evento: 12/11/2004 15:30:32
[2026-05-12 16:17:47] ================================
[2026-05-12 16:17:47] Verifica BodyGate per badge: 9340243
[2026-05-12 16:17:48] Risposta BodyGate: {"ok":true,"allowed":true,"reason":"Accesso consentito","customer_id":"1413a4d9-53bc-4a4d-8ba9-fc5df91341cf","badge_code":"4c008e8553","controller_code":"9340243"}
[2026-05-12 16:17:48] Accesso autorizzato da BodyGate. Attesa prima apertura: 500 ms
[2026-05-12 16:17:48] Tentativo apertura 1/3
[2026-05-12 16:17:48] Invio OpenDoor...
[2026-05-12 16:17:48] Risultato OpenDoor: False
[2026-05-12 16:17:48] Apertura fallita al tentativo 1
[2026-05-12 16:17:48] LastError tcpNet: 3
[2026-05-12 16:17:48] LastError controller: 3
[2026-05-12 16:17:49] Tentativo apertura 2/3
[2026-05-12 16:17:49] Invio OpenDoor...
[2026-05-12 16:17:49] Risultato OpenDoor: False
[2026-05-12 16:17:49] Apertura fallita al tentativo 2
[2026-05-12 16:17:49] LastError tcpNet: 3
[2026-05-12 16:17:49] LastError controller: 3
[2026-05-12 16:17:50] Tentativo apertura 3/3
[2026-05-12 16:17:50] Invio OpenDoor...
[2026-05-12 16:17:50] Risultato OpenDoor: False
[2026-05-12 16:17:50] Apertura fallita al tentativo 3
[2026-05-12 16:17:50] LastError tcpNet: 3
[2026-05-12 16:17:50] LastError controller: 3
[2026-05-12 16:17:50] ACCESSO AUTORIZZATO MA APERTURA FALLITA DOPO RETRY: 9340243
[2026-05-12 16:17:51] ================================
[2026-05-12 16:17:51] BADGE CENTRALINA
[2026-05-12 16:17:51] Badge: 9340243
[2026-05-12 16:17:51] Reader: 0
[2026-05-12 16:17:51] Door: 1
[2026-05-12 16:17:51] EventType: 1
[2026-05-12 16:17:51] Data/Ora evento: 12/11/2004 15:30:35
[2026-05-12 16:17:51] ================================
[2026-05-12 16:17:51] Verifica BodyGate per badge: 9340243
[2026-05-12 16:17:51] Risposta BodyGate: {"ok":true,"allowed":true,"reason":"Accesso consentito","customer_id":"1413a4d9-53bc-4a4d-8ba9-fc5df91341cf","badge_code":"4c008e8553","controller_code":"9340243"}
[2026-05-12 16:17:51] Accesso autorizzato da BodyGate. Attesa prima apertura: 500 ms
[2026-05-12 16:17:51] Tentativo apertura 1/3
[2026-05-12 16:17:51] Invio OpenDoor...
[2026-05-12 16:17:52] Risultato OpenDoor: False
[2026-05-12 16:17:52] Apertura fallita al tentativo 1
[2026-05-12 16:17:52] LastError tcpNet: 3
[2026-05-12 16:17:52] LastError controller: 3
[2026-05-12 16:17:52] Tentativo apertura 2/3
[2026-05-12 16:17:52] Invio OpenDoor...
[2026-05-12 16:17:53] Risultato OpenDoor: False
[2026-05-12 16:17:53] Apertura fallita al tentativo 2
[2026-05-12 16:17:53] LastError tcpNet: 3
[2026-05-12 16:17:53] LastError controller: 3
[2026-05-12 16:17:53] Tentativo apertura 3/3
[2026-05-12 16:17:53] Invio OpenDoor...
[2026-05-12 16:17:54] Risultato OpenDoor: False
[2026-05-12 16:17:54] Apertura fallita al tentativo 3
[2026-05-12 16:17:54] LastError tcpNet: 3
[2026-05-12 16:17:54] LastError controller: 3
[2026-05-12 16:17:54] ACCESSO AUTORIZZATO MA APERTURA FALLITA DOPO RETRY: 9340243
[2026-05-12 16:17:54] ================================
[2026-05-12 16:17:54] BADGE CENTRALINA
[2026-05-12 16:17:54] Badge: 9340243
[2026-05-12 16:17:54] Reader: 0
[2026-05-12 16:17:54] Door: 1
[2026-05-12 16:17:54] EventType: 1
[2026-05-12 16:17:54] Data/Ora evento: 12/11/2004 15:30:36
[2026-05-12 16:17:54] ================================
[2026-05-12 16:17:54] Verifica BodyGate per badge: 9340243
[2026-05-12 16:17:54] Risposta BodyGate: {"ok":true,"allowed":true,"reason":"Accesso consentito","customer_id":"1413a4d9-53bc-4a4d-8ba9-fc5df91341cf","badge_code":"4c008e8553","controller_code":"9340243"}
[2026-05-12 16:17:54] Accesso autorizzato da BodyGate. Attesa prima apertura: 500 ms
[2026-05-12 16:17:55] Tentativo apertura 1/3
[2026-05-12 16:17:55] Invio OpenDoor...
[2026-05-12 16:17:55] Risultato OpenDoor: False
[2026-05-12 16:17:55] Apertura fallita al tentativo 1
[2026-05-12 16:17:55] LastError tcpNet: 3
[2026-05-12 16:17:55] LastError controller: 3
[2026-05-12 16:17:56] Tentativo apertura 2/3
[2026-05-12 16:17:56] Invio OpenDoor...
[2026-05-12 16:17:56] Risultato OpenDoor: False
[2026-05-12 16:17:56] Apertura fallita al tentativo 2
[2026-05-12 16:17:56] LastError tcpNet: 3
[2026-05-12 16:17:56] LastError controller: 3
[2026-05-12 16:17:57] Tentativo apertura 3/3
[2026-05-12 16:17:57] Invio OpenDoor...
[2026-05-12 16:17:57] Risultato OpenDoor: False
[2026-05-12 16:17:57] Apertura fallita al tentativo 3
[2026-05-12 16:17:57] LastError tcpNet: 3
[2026-05-12 16:17:57] LastError controller: 3
[2026-05-12 16:17:57] ACCESSO AUTORIZZATO MA APERTURA FALLITA DOPO RETRY: 9340243
[2026-05-12 16:18:44] ================================
[2026-05-12 16:18:44] BADGE CENTRALINA
[2026-05-12 16:18:44] Badge: 10453735
[2026-05-12 16:18:44] Reader: 0
[2026-05-12 16:18:44] Door: 1
[2026-05-12 16:18:44] EventType: 1
[2026-05-12 16:18:44] Data/Ora evento: 12/11/2004 15:31:30
[2026-05-12 16:18:44] ================================
[2026-05-12 16:18:44] Verifica BodyGate per badge: 10453735
[2026-05-12 16:18:44] Risposta BodyGate: {"ok":false,"allowed":false,"reason":"Badge non valido o non attivo"}
[2026-05-12 16:18:44] ACCESSO NEGATO DA BODYGATE: 10453735
[2026-05-12 16:20:48] ================================
[2026-05-12 16:20:48] BADGE CENTRALINA
[2026-05-12 16:20:48] Badge: 13716307
[2026-05-12 16:20:48] Reader: 0
[2026-05-12 16:20:48] Door: 1
[2026-05-12 16:20:48] EventType: 1
[2026-05-12 16:20:48] Data/Ora evento: 12/11/2004 15:33:34
[2026-05-12 16:20:48] ================================
[2026-05-12 16:20:48] Verifica BodyGate per badge: 13716307
[2026-05-12 16:20:49] Risposta BodyGate: {"ok":false,"allowed":false,"reason":"Badge non valido o non attivo"}
[2026-05-12 16:20:49] ACCESSO NEGATO DA BODYGATE: 13716307
[2026-05-12 16:20:52] ================================
[2026-05-12 16:20:52] BADGE CENTRALINA
[2026-05-12 16:20:52] Badge: 13716307
[2026-05-12 16:20:52] Reader: 0
[2026-05-12 16:20:52] Door: 1
[2026-05-12 16:20:52] EventType: 1
[2026-05-12 16:20:52] Data/Ora evento: 12/11/2004 15:33:38
[2026-05-12 16:20:52] ================================
[2026-05-12 16:20:52] Verifica BodyGate per badge: 13716307
[2026-05-12 16:20:52] Risposta BodyGate: {"ok":false,"allowed":false,"reason":"Badge non valido o non attivo"}
[2026-05-12 16:20:52] ACCESSO NEGATO DA BODYGATE: 13716307
[2026-05-12 16:21:06] ================================
[2026-05-12 16:21:06] BADGE CENTRALINA
[2026-05-12 16:21:06] Badge: 6406251
[2026-05-12 16:21:06] Reader: 0
[2026-05-12 16:21:06] Door: 1
[2026-05-12 16:21:06] EventType: 1
[2026-05-12 16:21:06] Data/Ora evento: 12/11/2004 15:33:52
[2026-05-12 16:21:06] ================================
[2026-05-12 16:21:06] Verifica BodyGate per badge: 6406251
[2026-05-12 16:21:06] Risposta BodyGate: {"ok":false,"allowed":false,"reason":"Badge non valido o non attivo"}
[2026-05-12 16:21:06] ACCESSO NEGATO DA BODYGATE: 6406251
[2026-05-12 16:25:53] ================================
[2026-05-12 16:25:53] BADGE CENTRALINA
[2026-05-12 16:25:53] Badge: 8724384
[2026-05-12 16:25:53] Reader: 0
[2026-05-12 16:25:53] Door: 1
[2026-05-12 16:25:53] EventType: 1
[2026-05-12 16:25:53] Data/Ora evento: 12/11/2004 15:38:39
[2026-05-12 16:25:53] ================================
[2026-05-12 16:25:53] Verifica BodyGate per badge: 8724384
[2026-05-12 16:25:54] Risposta BodyGate: {"ok":false,"allowed":false,"reason":"Badge non valido o non attivo"}
[2026-05-12 16:25:54] ACCESSO NEGATO DA BODYGATE: 8724384
[2026-05-12 16:31:02] ================================
[2026-05-12 16:31:02] BADGE CENTRALINA
[2026-05-12 16:31:02] Badge: 8598860
[2026-05-12 16:31:02] Reader: 0
[2026-05-12 16:31:02] Door: 1
[2026-05-12 16:31:02] EventType: 1
[2026-05-12 16:31:02] Data/Ora evento: 12/11/2004 15:43:48
[2026-05-12 16:31:02] ================================
[2026-05-12 16:31:02] Verifica BodyGate per badge: 8598860
[2026-05-12 16:31:02] Risposta BodyGate: {"ok":false,"allowed":false,"reason":"Badge non valido o non attivo"}
[2026-05-12 16:31:02] ACCESSO NEGATO DA BODYGATE: 8598860
[2026-05-12 16:40:44] ================================
[2026-05-12 16:40:44] BADGE CENTRALINA
[2026-05-12 16:40:44] Badge: 13464170
[2026-05-12 16:40:44] Reader: 0
[2026-05-12 16:40:44] Door: 1
[2026-05-12 16:40:44] EventType: 1
[2026-05-12 16:40:44] Data/Ora evento: 12/11/2004 15:53:30
[2026-05-12 16:40:44] ================================
[2026-05-12 16:40:44] Verifica BodyGate per badge: 13464170
[2026-05-12 16:40:44] Risposta BodyGate: {"ok":false,"allowed":false,"reason":"Badge non valido o non attivo"}
[2026-05-12 16:40:44] ACCESSO NEGATO DA BODYGATE: 13464170
[2026-05-12 16:40:49] ================================
[2026-05-12 16:40:49] BADGE CENTRALINA
[2026-05-12 16:40:49] Badge: 13464170
[2026-05-12 16:40:49] Reader: 0
[2026-05-12 16:40:49] Door: 1
[2026-05-12 16:40:49] EventType: 1
[2026-05-12 16:40:49] Data/Ora evento: 12/11/2004 15:53:34
[2026-05-12 16:40:49] ================================
[2026-05-12 16:40:49] Verifica BodyGate per badge: 13464170
[2026-05-12 16:40:49] Risposta BodyGate: {"ok":false,"allowed":false,"reason":"Badge non valido o non attivo"}
[2026-05-12 16:40:49] ACCESSO NEGATO DA BODYGATE: 13464170
[2026-05-15 14:37:07] ====================================
[2026-05-15 14:37:07] BodyGate Bridge V3.1 avviato
[2026-05-15 14:37:07] Controller: 192.168.1.251:8000
[2026-05-15 14:37:07] BodyGate API: http://localhost:3000/api/access/check
[2026-05-15 14:37:07] Fallback se API offline: ACCESSO NEGATO
[2026-05-15 14:37:07] Open retry: 3 tentativi
[2026-05-15 14:37:07] ====================================
[2026-05-15 14:37:08] Connessione controller: True
[2026-05-15 14:37:08] HTTP server avviato su http://localhost:5050/
[2026-05-15 14:40:45] ================================
[2026-05-15 14:40:45] BADGE CENTRALINA
[2026-05-15 14:40:45] Badge: 9340243
[2026-05-15 14:40:45] Reader: 0
[2026-05-15 14:40:45] Door: 1
[2026-05-15 14:40:45] EventType: 1
[2026-05-15 14:40:45] Data/Ora evento: 15/11/2004 13:53:33
[2026-05-15 14:40:45] ================================
[2026-05-15 14:40:45] Verifica BodyGate per badge: 9340243
[2026-05-15 14:40:45] Risposta BodyGate: <!DOCTYPE html><html lang="it"><head><meta charSet="utf-8"/><meta name="viewport" content="width=device-width, initial-scale=1"/><link rel="stylesheet" href="/_next/static/chunks/app_globals_0jn8.0u.css" data-precedence="next_static/chunks/app_globals_0jn8.0u.css"/><link rel="preload" as="script" fetchPriority="low" href="/_next/static/chunks/%5Bturbopack%5D_browser_dev_hmr-client_hmr-client_ts_10z625~._.js"/><script src="/_next/static/chunks/node_modules_next_dist_compiled_next-devtools_index_0553esy.js" async=""></script><script src="/_next/static/chunks/node_modules_next_dist_compiled_react-dom_058-ah~._.js" async=""></script><script src="/_next/static/chunks/node_modules_next_dist_compiled_react-server-dom-turbopack_0p3wegg._.js" async=""></script><script src="/_next/static/chunks/node_modules_next_dist_compiled_0rpq4pf._.js" async=""></script><script src="/_next/static/chunks/node_modules_next_dist_client_0fhqo1d._.js" async=""></script><script src="/_next/static/chunks/node_modules_next_dist_115brz8._.js" async=""></script><script src="/_next/static/chunks/node_modules_%40swc_helpers_cjs_0-4ujiy._.js" async=""></script><script src="/_next/static/chunks/_0rqeker._.js" async=""></script><script src="/_next/static/chunks/turbopack-_0p44nws._.js" async=""></script><script src="/_next/static/chunks/node_modules_next_0zl6c1m._.js" async=""></script><script src="/_next/static/chunks/app_components_0sfvq7t._.js" async=""></script><script src="/_next/static/chunks/app_layout_tsx_004glpo._.js" async=""></script><script src="/_next/static/chunks/app_components_LoginForm_tsx_0hex2z9._.js" async=""></script><script src="/_next/static/chunks/app_login_page_tsx_0mfmja5._.js" async=""></script><script src="/_next/static/chunks/node_modules_next_dist_client_components_builtin_global-error_0mfmja5.js" async=""></script><title>BodyGate</title><meta name="description" content="BodyGate Access Control Platform"/><link rel="icon" href="/favicon.ico?favicon.0x3dzn~oxb6tn.ico" sizes="256x256" type="image/x-icon"/><script src="/_next/static/chunks/node_modules_next_dist_build_polyfills_polyfill-nomodule.js" noModule=""></script></head><body><div hidden=""><!--$--><!--/$--></div><div style="display:flex;min-height:100vh;background:var(--bg)"><aside style="width:280px;flex-shrink:0;background:var(--bg-soft);border-right:1px solid var(--border);display:flex;flex-direction:column;padding:24px"><div style="margin-bottom:40px"><div style="font-size:30px;font-weight:800;letter-spacing:-1px">BodyGate</div><div style="color:var(--muted);margin-top:8px;font-size:13px">Smart Gym Platform</div></div><nav style="display:flex;flex-direction:column;gap:10px"><a style="padding:14px 18px;border-radius:18px;text-decoration:none;color:var(--muted);background:transparent;border:1px solid var(--border);font-weight:500;transition:0.2s" href="/">Dashboard</a><a style="padding:14px 18px;border-radius:18px;text-decoration:none;color:var(--muted);background:transparent;border:1px solid var(--border);font-weight:500;transition:0.2s" href="/access-logs">Accessi</a><a style="padding:14px 18px;border-radius:18px;text-decoration:none;color:var(--muted);background:transparent;border:1px solid var(--border);font-weight:500;transition:0.2s" href="/customers">Clienti</a><a style="padding:14px 18px;border-radius:18px;text-decoration:none;color:var(--muted);background:transparent;border:1px solid var(--border);font-weight:500;transition:0.2s" href="/badges">Badge</a><a style="padding:14px 18px;border-radius:18px;text-decoration:none;color:var(--muted);background:transparent;border:1px solid var(--border);font-weight:500;transition:0.2s" href="/subscriptions">Abbonamenti</a><a style="padding:14px 18px;border-radius:18px;text-decoration:none;color:var(--muted);background:transparent;border:1px solid var(--border);font-weight:500;transition:0.2s" href="/payments">Pagamenti</a><a style="padding:14px 18px;border-radius:18px;text-decoration:none;color:var(--muted);background:transparent;border:1px solid var(--border);font-weight:500;transition:0.2s" href="/analytics">Analytics</a><a style="padding:14px 18px;border-radius:18px;text-decoration:none;color:var(--muted);background:transparent;border:1px solid var(--border);font-weight:500;transition:0.2s" href="/reception">Reception</a><a style="padding:14px 18px;border-radius:18px;text-decoration:none;color:var(--muted);background:transparent;border:1px solid var(--border);font-weight:500;transition:0.2s" href="/training">Training</a><a style="padding:14px 18px;border-radius:18px;text-decoration:none;color:var(--muted);background:transparent;border:1px solid var(--border);font-weight:500;transition:0.2s" href="/system">Sistema</a></nav><div style="margin-top:auto"><div style="background:var(--panel);border:1px solid var(--border);border-radius:22px;padding:18px"><div style="font-size:13px;color:var(--muted);margin-bottom:14px">Sistema online</div><button style="width:100%;border:none;background:#ef4444;color:white;padding:14px;border-radius:16px;font-weight:700">Logout</button></div></div></aside><div style="flex:1;display:flex;flex-direction:column;min-width:0"><header style="height:78px;border-bottom:1px solid var(--border);display:flex;align-items:center;justify-content:space-between;padding:0 32px;background:rgba(10,10,10,0.9);backdrop-filter:blur(10px);position:sticky;top:0;z-index:50"><div><div style="font-size:20px;font-weight:700">BodyGate Admin</div><div style="color:var(--muted);font-size:13px">Access Control Management</div></div></header><main style="flex:1;padding:32px;overflow-x:hidden"><main style="min-height:100vh;background:radial-gradient(circle at top, rgba(239,68,68,0.18), transparent 35%), var(--bg);display:flex;align-items:center;justify-content:center;padding:30px"><form style="width:100%;max-width:440px;background:var(--panel);border:1px solid var(--border);border-radius:28px;padding:34px;display:grid;gap:26px;box-shadow:0 30px 80px rgba(0,0,0,0.35)"><div><div style="font-size:42px;font-weight:bold;color:var(--text)">BodyGate</div><div style="margin-top:8px;color:var(--muted)">Access Control Platform</div></div><div style="display:grid;gap:16px"><label style="display:grid;gap:8px;color:var(--muted);font-size:13px;font-weight:700;letter-spacing:0.06em">EMAIL<input style="background:var(--bg-soft);color:var(--text);border:1px solid var(--border);border-radius:14px;padding:16px;outline:none;font-weight:600" placeholder="Email" value="admin@bodygate.it"/></label><label style="display:grid;gap:8px;color:var(--muted);font-size:13px;font-weight:700;letter-spacing:0.06em">PASSWORD<input type="password" style="background:var(--bg-soft);color:var(--text);border:1px solid var(--border);border-radius:14px;padding:16px;outline:none;font-weight:600" placeholder="Password" value="admin123"/></label></div><button type="submit" style="background:var(--accent);color:white;border:none;border-radius:14px;padding:16px;font-weight:bold;cursor:pointer;font-size:15px">Accedi</button></form></main><!--$--><!--/$--></main></div></div><script id="_R_">self.__next_r="GD4nznPJM5UEqySwsxMLf"</script><script src="/_next/static/chunks/%5Bturbopack%5D_browser_dev_hmr-client_hmr-client_ts_10z625~._.js" async=""></script><script>(self.__next_f=self.__next_f||[]).push([0])</script><script>self.__next_f.push([1,"7:I[\"[project]/node_modules/next/dist/next-devtools/userspace/app/segment-explorer-node.js [app-client] (ecmascript)\",[\"/_next/static/chunks/node_modules_next_0zl6c1m._.js\",\"/_next/static/chunks/app_components_0sfvq7t._.js\",\"/_next/static/chunks/app_layout_tsx_004glpo._.js\"],\"SegmentViewNode\"]\n9:\"$Sreact.fragment\"\n1d:I[\"[project]/app/components/ThemeProvider.tsx [app-client] (ecmascript)\",[\"/_next/static/chunks/node_modules_next_0zl6c1m._.js\",\"/_next/static/chunks/app_components_0sfvq7t._.js\",\"/_next/static/chunks/app_layout_tsx_004glpo._.js\"],\"ThemeProvider\"]\n20:I[\"[project]/app/components/Sidebar.tsx [app-client] (ecmascript)\",[\"/_next/static/chunks/node_modules_next_0zl6c1m._.js\",\"/_next/static/chunks/app_components_0sfvq7t._.js\",\"/_next/static/chunks/app_layout_tsx_004glpo._.js\"],\"default\"]\n28:I[\"[project]/node_modules/next/dist/client/components/layout-router.js [app-client] (ecmascript)\",[\"/_next/static/chunks/node_modules_next_0zl6c1m._.js\",\"/_next/static/chunks/app_components_0sfvq7t._.js\",\"/_next/static/chunks/app_layout_tsx_004glpo._.js\"],\"default\"]\n2a:I[\"[project]/node_modules/next/dist/client/components/render-from-template-context.js [app-client] (ecmascript)\",[\"/_next/static/chunks/node_modules_next_0zl6c1m._.js\",\"/_next/static/chunks/app_components_0sfvq7t._.js\",\"/_next/static/chunks/app_layout_tsx_004glpo._.js\"],\"default\"]\n48:I[\"[project]/app/components/LoginForm.tsx [app-client] (ecmascript)\",[\"/_next/static/chunks/node_modules_next_0zl6c1m._.js\",\"/_next/static/chunks/app_components_0sfvq7t._.js\",\"/_next/static/chunks/app_layout_tsx_004glpo._.js\",\"/_next/static/chunks/app_components_LoginForm_tsx_0hex2z9._.js\",\"/_next/static/chunks/app_login_page_tsx_0mfmja5._.js\"],\"default\"]\n50:I[\"[project]/node_modules/next/dist/lib/framework/boundary-components.js [app-client] (ecmascript)\",[\"/_next/static/chunks/node_modules_next_0zl6c1m._.js\",\"/_next/static/chunks/app_components_0sfvq7t._.js\",\"/_next/static/chunks/app_layout_tsx_004glpo._.js\"],\"OutletBoundary\"]\n52:\"$Sreact.suspense\"\n60:I[\"[project]/node_modules/next/dist/lib/framework/boundary-components.js [app-client] (ecmascript)\",[\"/_next/static/chunks/node_modules_next_0zl6c1m._.js\",\"/_next/static/chunks/app_components_0sfvq7t._.js\",\"/_next/static/chunks/app_layout_tsx_004glpo._.js\"],\"ViewportBoundary\"]\n6a:I[\"[project]/node_modules/next/dist/lib/framework/boundary-components.js [app-client] (ecmascript)\",[\"/_next/static/chunks/node_modules_next_0zl6c1m._.js\",\"/_next/static/chunks/app_components_0sfvq7t._.js\",\"/_next/static/chunks/app_layout_tsx_004glpo._.js\"],\"MetadataBoundary\"]\n70:I[\"[project]/node_modules/next/dist/client/components/builtin/global-error.js [app-client] (ecmascript)\",[\"/_next/static/chunks/node_modules_next_0zl6c1m._.js\",\"/_next/static/chunks/app_components_0sfvq7t._.js\",\"/_next/static/chunks/app_layout_tsx_004glpo._.js\",\"/_next/static/chunks/node_modules_next_dist_client_components_builtin_global-error_0mfmja5.js\"],\"default\",1]\n7e:I[\"[project]/node_modules/next/dist/lib/metadata/generate/icon-mark.js [app-client] (ecmascript)\",[\"/_next/static/chunks/node_modules_next_0zl6c1m._.js\",\"/_next/static/chunks/app_components_0sfvq7t._.js\",\"/_next/static/chunks/app_layout_tsx_004glpo._.js\"],\"IconMark\"]\n:HL[\"/_next/static/chunks/app_globals_0jn8.0u.css\",\"style\"]\n1:D\"$4\"\n1:D\"$2\"\n1:D\"$5\"\n1:null\ne:D\"$18\"\ne:D\"$f\"\ne:D\"$1a\"\n2c:D\"$2e\"\n2c:D\"$2d\"\n2c:D\"$30\"\n2c:D\"$2f\"\n2c:D\"$31\"\n2c:[[\"$\",\"title\",null,{\"children\":\"404: This page could not be found.\"},\"$2f\",\"$32\",1],[\"$\",\"div\",null,{\"style\":{\"fontFamily\":\"system-ui,\\\"Segoe UI\\\",Roboto,Helvetica,Arial,sans-serif,\\\"Apple Color Emoji\\\",\\\"Segoe UI Emoji\\\"\",\"height\":\"100vh\",\"textAlign\":\"center\",\"display\":\"flex\",\"flexDirection\":\"column\",\"alignItems\":\"center\",\"justifyContent\":\"center\"},\"children\":[\"$\",\"div\",null,{\"children\":[[\"$\",\"style\",null,{\"dangerouslySetInnerHTML\":{\"__html\":\"body{color:#000;background:#fff;margin:0}.next-error-h1{border-right:1px solid rgba(0,0,0,.3)}@media (prefers-color-scheme:dark){body{color:#fff;background:#000}.next-error-h1{border-right:1px solid rgba(255,255,255,.3)}}\"}},\"$2f\",\"$35\",1],[\"$\",\"h"])</script><script>self.__next_f.push([1,"1\",null,{\"className\":\"next-error-h1\",\"style\":{\"display\":\"inline-block\",\"margin\":\"0 20px 0 0\",\"padding\":\"0 23px 0 0\",\"fontSize\":24,\"fontWeight\":500,\"verticalAlign\":\"top\",\"lineHeight\":\"49px\"},\"children\":404},\"$2f\",\"$36\",1],[\"$\",\"div\",null,{\"style\":{\"display\":\"inline-block\"},\"children\":[\"$\",\"h2\",null,{\"style\":{\"fontSize\":14,\"fontWeight\":400,\"lineHeight\":\"49px\",\"margin\":0},\"children\":\"This page could not be found.\"},\"$2f\",\"$38\",1]},\"$2f\",\"$37\",1]]},\"$2f\",\"$34\",1]},\"$2f\",\"$33\",1]]\n"])</script><script>self.__next_f.push([1,"e:[\"$\",\"html\",null,{\"lang\":\"it\",\"children\":[\"$\",\"body\",null,{\"children\":[\"$\",\"$L1d\",null,{\"children\":[\"$\",\"div\",null,{\"style\":{\"display\":\"flex\",\"minHeight\":\"100vh\",\"background\":\"var(--bg)\"},\"children\":[[\"$\",\"$L20\",null,{},\"$f\",\"$1f\",1],[\"$\",\"div\",null,{\"style\":{\"flex\":1,\"display\":\"flex\",\"flexDirection\":\"column\",\"minWidth\":0},\"children\":[[\"$\",\"header\",null,{\"style\":{\"height\":\"78px\",\"borderBottom\":\"1px solid var(--border)\",\"display\":\"flex\",\"alignItems\":\"center\",\"justifyContent\":\"space-between\",\"padding\":\"0 32px\",\"background\":\"rgba(10,10,10,0.9)\",\"backdropFilter\":\"blur(10px)\",\"position\":\"sticky\",\"top\":0,\"zIndex\":50},\"children\":[\"$\",\"div\",null,{\"children\":[[\"$\",\"div\",null,{\"style\":{\"fontSize\":\"20px\",\"fontWeight\":700},\"children\":\"BodyGate Admin\"},\"$f\",\"$24\",1],[\"$\",\"div\",null,{\"style\":{\"color\":\"var(--muted)\",\"fontSize\":\"13px\"},\"children\":\"Access Control Management\"},\"$f\",\"$25\",1]]},\"$f\",\"$23\",1]},\"$f\",\"$22\",1],[\"$\",\"main\",null,{\"style\":{\"flex\":1,\"padding\":\"32px\",\"overflowX\":\"hidden\"},\"children\":[\"$\",\"$L28\",null,{\"parallelRouterKey\":\"children\",\"error\":\"$undefined\",\"errorStyles\":\"$undefined\",\"errorScripts\":\"$undefined\",\"template\":[\"$\",\"$L2a\",null,{},null,\"$29\",1],\"templateStyles\":\"$undefined\",\"templateScripts\":\"$undefined\",\"notFound\":[\"$\",\"$L7\",\"c-not-found\",{\"type\":\"not-found\",\"pagePath\":\"__next_builtin__not-found.js\",\"children\":[\"$2c\",[]]},null,\"$2b\",0],\"forbidden\":\"$undefined\",\"unauthorized\":\"$undefined\",\"segmentViewBoundaries\":[[\"$\",\"$L7\",null,{\"type\":\"boundary:not-found\",\"pagePath\":\"__next_builtin__not-found.js@boundary\"},null,\"$39\",1],\"$undefined\",\"$undefined\",[\"$\",\"$L7\",null,{\"type\":\"boundary:global-error\",\"pagePath\":\"__next_builtin__global-error.js\"},null,\"$3a\",1]]},null,\"$27\",1]},\"$f\",\"$26\",1]]},\"$f\",\"$21\",1]]},\"$f\",\"$1e\",1]},\"$f\",\"$1c\",1]},\"$f\",\"$1b\",1]},\"$f\",\"$19\",1]\n"])</script><script>self.__next_f.push([1,"40:D\"$44\"\n40:D\"$41\"\n40:D\"$46\"\n40:[\"$\",\"main\",null,{\"style\":{\"minHeight\":\"100vh\",\"background\":\"radial-gradient(circle at top, rgba(239,68,68,0.18), transparent 35%), var(--bg)\",\"display\":\"flex\",\"alignItems\":\"center\",\"justifyContent\":\"center\",\"padding\":\"30px\"},\"children\":[\"$\",\"$L48\",null,{},\"$41\",\"$47\",1]},\"$41\",\"$45\",1]\n4b:D\"$4d\"\n4b:D\"$4c\"\n4b:D\"$4f\"\n4b:[\"$\",\"$L50\",null,{\"children\":[\"$\",\"$52\",null,{\"name\":\"Next.MetadataOutlet\",\"children\":\"$@53\"},\"$4c\",\"$51\",1]},\"$4c\",\"$4e\",1]\n56:D\"$59\"\n56:D\"$57\"\n56:D\"$5a\"\n56:null\n5b:D\"$5d\"\n5b:D\"$5c\"\n5b:D\"$5f\"\n61:D\"$63\"\n61:D\"$62\"\n5b:[\"$\",\"$L60\",null,{\"children\":\"$L61\"},\"$5c\",\"$5e\",1]\n64:D\"$66\"\n64:D\"$65\"\n64:D\"$68\"\n6c:D\"$6e\"\n6c:D\"$6d\"\n64:[\"$\",\"div\",null,{\"hidden\":true,\"children\":[\"$\",\"$L6a\",null,{\"children\":[\"$\",\"$52\",null,{\"name\":\"Next.Metadata\",\"children\":\"$L6c\"},\"$65\",\"$6b\",1]},\"$65\",\"$69\",1]},\"$65\",\"$67\",1]\n6f:[]\n"])</script><script>self.__next_f.push([1,"0:{\"P\":\"$1\",\"c\":[\"\",\"login\"],\"q\":\"\",\"i\":true,\"f\":[[[\"\",{\"children\":[\"login\",{\"children\":[\"__PAGE__\",{}]}]},\"$undefined\",\"$undefined\",16],[[\"$\",\"$L7\",\"layout\",{\"type\":\"layout\",\"pagePath\":\"layout.tsx\",\"children\":[\"$\",\"$9\",\"c\",{\"children\":[[[\"$\",\"link\",\"0\",{\"rel\":\"stylesheet\",\"href\":\"/_next/static/chunks/app_globals_0jn8.0u.css\",\"precedence\":\"next_static/chunks/app_globals_0jn8.0u.css\",\"crossOrigin\":\"$undefined\",\"nonce\":\"$undefined\"},null,\"$a\",0],[\"$\",\"script\",\"script-0\",{\"src\":\"/_next/static/chunks/node_modules_next_0zl6c1m._.js\",\"async\":true,\"nonce\":\"$undefined\"},null,\"$b\",0],[\"$\",\"script\",\"script-1\",{\"src\":\"/_next/static/chunks/app_components_0sfvq7t._.js\",\"async\":true,\"nonce\":\"$undefined\"},null,\"$c\",0],[\"$\",\"script\",\"script-2\",{\"src\":\"/_next/static/chunks/app_layout_tsx_004glpo._.js\",\"async\":true,\"nonce\":\"$undefined\"},null,\"$d\",0]],\"$e\"]},null,\"$8\",1]},null,\"$6\",0],{\"children\":[[\"$\",\"$9\",\"c\",{\"children\":[null,[\"$\",\"$L28\",null,{\"parallelRouterKey\":\"children\",\"error\":\"$undefined\",\"errorStyles\":\"$undefined\",\"errorScripts\":\"$undefined\",\"template\":[\"$\",\"$L2a\",null,{},null,\"$3d\",1],\"templateStyles\":\"$undefined\",\"templateScripts\":\"$undefined\",\"notFound\":\"$undefined\",\"forbidden\":\"$undefined\",\"unauthorized\":\"$undefined\",\"segmentViewBoundaries\":[\"$undefined\",\"$undefined\",\"$undefined\",\"$undefined\"]},null,\"$3c\",1]]},null,\"$3b\",0],{\"children\":[[\"$\",\"$9\",\"c\",{\"children\":[[\"$\",\"$L7\",\"c-page\",{\"type\":\"page\",\"pagePath\":\"login/page.tsx\",\"children\":\"$40\"},null,\"$3f\",1],[[\"$\",\"script\",\"script-0\",{\"src\":\"/_next/static/chunks/app_components_LoginForm_tsx_0hex2z9._.js\",\"async\":true,\"nonce\":\"$undefined\"},null,\"$49\",0],[\"$\",\"script\",\"script-1\",{\"src\":\"/_next/static/chunks/app_login_page_tsx_0mfmja5._.js\",\"async\":true,\"nonce\":\"$undefined\"},null,\"$4a\",0]],\"$4b\"]},null,\"$3e\",0],{},null,false,null]},null,false,\"$@54\"]},null,false,null],[\"$\",\"$9\",\"h\",{\"children\":[\"$56\",\"$5b\",\"$64\",null]},null,\"$55\",0],false]],\"m\":\"$W6f\",\"G\":[\"$70\",[\"$\",\"$L7\",\"ge-svn\",{\"type\":\"global-error\",\"pagePath\":\"__next_builtin__global-error.js\",\"children\":[[\"$\",\"link\",\"0\",{\"rel\":\"stylesheet\",\"href\":\"/_next/static/chunks/app_globals_0jn8.0u.css\",\"precedence\":\"next_static/chunks/app_globals_0jn8.0u.css\",\"crossOrigin\":\"$undefined\",\"nonce\":\"$undefined\"},null,\"$72\",0]]},null,\"$71\",0]],\"S\":false,\"h\":null,\"s\":\"$undefined\",\"l\":\"$undefined\",\"p\":\"$undefined\",\"d\":\"$undefined\",\"b\":\"development\"}\n"])</script><script>self.__next_f.push([1,"73:[]\n54:D\"$74\"\n54:\"$W73\"\n61:D\"$75\"\n61:[[\"$\",\"meta\",\"0\",{\"charSet\":\"utf-8\"},\"$4c\",\"$76\",0],[\"$\",\"meta\",\"1\",{\"name\":\"viewport\",\"content\":\"width=device-width, initial-scale=1\"},\"$4c\",\"$77\",0]]\n53:D\"$78\"\n53:null\n6c:D\"$79\"\n6c:[[\"$\",\"title\",\"0\",{\"children\":\"BodyGate\"},\"$4c\",\"$7a\",0],[\"$\",\"meta\",\"1\",{\"name\":\"description\",\"content\":\"BodyGate Access Control Platform\"},\"$4c\",\"$7b\",0],[\"$\",\"link\",\"2\",{\"rel\":\"icon\",\"href\":\"/favicon.ico?favicon.0x3dzn~oxb6tn.ico\",\"sizes\":\"256x256\",\"type\":\"image/x-icon\"},\"$4c\",\"$7c\",0],[\"$\",\"$L7e\",\"3\",{},\"$4c\",\"$7d\",0]]\n"])</script></body></html>
[2026-05-15 14:40:45] ACCESSO NEGATO DA BODYGATE: 9340243
[2026-05-15 14:55:03] ================================
[2026-05-15 14:55:03] BADGE CENTRALINA
[2026-05-15 14:55:03] Badge: 13184645
[2026-05-15 14:55:03] Reader: 0
[2026-05-15 14:55:03] Door: 1
[2026-05-15 14:55:03] EventType: 1
[2026-05-15 14:55:03] Data/Ora evento: 15/11/2004 14:07:51
[2026-05-15 14:55:03] ================================
[2026-05-15 14:55:03] Verifica BodyGate per badge: 13184645
[2026-05-15 14:55:03] Risposta BodyGate: <!DOCTYPE html><html lang="it"><head><meta charSet="utf-8"/><meta name="viewport" content="width=device-width, initial-scale=1"/><link rel="stylesheet" href="/_next/static/chunks/app_globals_0jn8.0u.css" data-precedence="next_static/chunks/app_globals_0jn8.0u.css"/><link rel="preload" as="script" fetchPriority="low" href="/_next/static/chunks/%5Bturbopack%5D_browser_dev_hmr-client_hmr-client_ts_10z625~._.js"/><script src="/_next/static/chunks/node_modules_next_dist_compiled_next-devtools_index_0553esy.js" async=""></script><script src="/_next/static/chunks/node_modules_next_dist_compiled_react-dom_058-ah~._.js" async=""></script><script src="/_next/static/chunks/node_modules_next_dist_compiled_react-server-dom-turbopack_0p3wegg._.js" async=""></script><script src="/_next/static/chunks/node_modules_next_dist_compiled_0rpq4pf._.js" async=""></script><script src="/_next/static/chunks/node_modules_next_dist_client_0fhqo1d._.js" async=""></script><script src="/_next/static/chunks/node_modules_next_dist_115brz8._.js" async=""></script><script src="/_next/static/chunks/node_modules_%40swc_helpers_cjs_0-4ujiy._.js" async=""></script><script src="/_next/static/chunks/_0rqeker._.js" async=""></script><script src="/_next/static/chunks/turbopack-_0p44nws._.js" async=""></script><script src="/_next/static/chunks/node_modules_next_0zl6c1m._.js" async=""></script><script src="/_next/static/chunks/app_components_0sfvq7t._.js" async=""></script><script src="/_next/static/chunks/app_layout_tsx_004glpo._.js" async=""></script><script src="/_next/static/chunks/app_components_LoginForm_tsx_0hex2z9._.js" async=""></script><script src="/_next/static/chunks/app_login_page_tsx_0mfmja5._.js" async=""></script><script src="/_next/static/chunks/node_modules_next_dist_client_components_builtin_global-error_0mfmja5.js" async=""></script><title>BodyGate</title><meta name="description" content="BodyGate Access Control Platform"/><link rel="icon" href="/favicon.ico?favicon.0x3dzn~oxb6tn.ico" sizes="256x256" type="image/x-icon"/><script src="/_next/static/chunks/node_modules_next_dist_build_polyfills_polyfill-nomodule.js" noModule=""></script></head><body><div hidden=""><!--$--><!--/$--></div><div style="display:flex;min-height:100vh;background:var(--bg)"><aside style="width:280px;flex-shrink:0;background:var(--bg-soft);border-right:1px solid var(--border);display:flex;flex-direction:column;padding:24px"><div style="margin-bottom:40px"><div style="font-size:30px;font-weight:800;letter-spacing:-1px">BodyGate</div><div style="color:var(--muted);margin-top:8px;font-size:13px">Smart Gym Platform</div></div><nav style="display:flex;flex-direction:column;gap:10px"><a style="padding:14px 18px;border-radius:18px;text-decoration:none;color:var(--muted);background:transparent;border:1px solid var(--border);font-weight:500;transition:0.2s" href="/">Dashboard</a><a style="padding:14px 18px;border-radius:18px;text-decoration:none;color:var(--muted);background:transparent;border:1px solid var(--border);font-weight:500;transition:0.2s" href="/access-logs">Accessi</a><a style="padding:14px 18px;border-radius:18px;text-decoration:none;color:var(--muted);background:transparent;border:1px solid var(--border);font-weight:500;transition:0.2s" href="/customers">Clienti</a><a style="padding:14px 18px;border-radius:18px;text-decoration:none;color:var(--muted);background:transparent;border:1px solid var(--border);font-weight:500;transition:0.2s" href="/badges">Badge</a><a style="padding:14px 18px;border-radius:18px;text-decoration:none;color:var(--muted);background:transparent;border:1px solid var(--border);font-weight:500;transition:0.2s" href="/subscriptions">Abbonamenti</a><a style="padding:14px 18px;border-radius:18px;text-decoration:none;color:var(--muted);background:transparent;border:1px solid var(--border);font-weight:500;transition:0.2s" href="/payments">Pagamenti</a><a style="padding:14px 18px;border-radius:18px;text-decoration:none;color:var(--muted);background:transparent;border:1px solid var(--border);font-weight:500;transition:0.2s" href="/analytics">Analytics</a><a style="padding:14px 18px;border-radius:18px;text-decoration:none;color:var(--muted);background:transparent;border:1px solid var(--border);font-weight:500;transition:0.2s" href="/reception">Reception</a><a style="padding:14px 18px;border-radius:18px;text-decoration:none;color:var(--muted);background:transparent;border:1px solid var(--border);font-weight:500;transition:0.2s" href="/training">Training</a><a style="padding:14px 18px;border-radius:18px;text-decoration:none;color:var(--muted);background:transparent;border:1px solid var(--border);font-weight:500;transition:0.2s" href="/system">Sistema</a></nav><div style="margin-top:auto"><div style="background:var(--panel);border:1px solid var(--border);border-radius:22px;padding:18px"><div style="font-size:13px;color:var(--muted);margin-bottom:14px">Sistema online</div><button style="width:100%;border:none;background:#ef4444;color:white;padding:14px;border-radius:16px;font-weight:700">Logout</button></div></div></aside><div style="flex:1;display:flex;flex-direction:column;min-width:0"><header style="height:78px;border-bottom:1px solid var(--border);display:flex;align-items:center;justify-content:space-between;padding:0 32px;background:rgba(10,10,10,0.9);backdrop-filter:blur(10px);position:sticky;top:0;z-index:50"><div><div style="font-size:20px;font-weight:700">BodyGate Admin</div><div style="color:var(--muted);font-size:13px">Access Control Management</div></div></header><main style="flex:1;padding:32px;overflow-x:hidden"><main style="min-height:100vh;background:radial-gradient(circle at top, rgba(239,68,68,0.18), transparent 35%), var(--bg);display:flex;align-items:center;justify-content:center;padding:30px"><form style="width:100%;max-width:440px;background:var(--panel);border:1px solid var(--border);border-radius:28px;padding:34px;display:grid;gap:26px;box-shadow:0 30px 80px rgba(0,0,0,0.35)"><div><div style="font-size:42px;font-weight:bold;color:var(--text)">BodyGate</div><div style="margin-top:8px;color:var(--muted)">Access Control Platform</div></div><div style="display:grid;gap:16px"><label style="display:grid;gap:8px;color:var(--muted);font-size:13px;font-weight:700;letter-spacing:0.06em">EMAIL<input style="background:var(--bg-soft);color:var(--text);border:1px solid var(--border);border-radius:14px;padding:16px;outline:none;font-weight:600" placeholder="Email" value="admin@bodygate.it"/></label><label style="display:grid;gap:8px;color:var(--muted);font-size:13px;font-weight:700;letter-spacing:0.06em">PASSWORD<input type="password" style="background:var(--bg-soft);color:var(--text);border:1px solid var(--border);border-radius:14px;padding:16px;outline:none;font-weight:600" placeholder="Password" value="admin123"/></label></div><button type="submit" style="background:var(--accent);color:white;border:none;border-radius:14px;padding:16px;font-weight:bold;cursor:pointer;font-size:15px">Accedi</button></form></main><!--$--><!--/$--></main></div></div><script id="_R_">self.__next_r="1pDiK9G_ZLbEyxGA_zeRB"</script><script src="/_next/static/chunks/%5Bturbopack%5D_browser_dev_hmr-client_hmr-client_ts_10z625~._.js" async=""></script><script>(self.__next_f=self.__next_f||[]).push([0])</script><script>self.__next_f.push([1,"7:I[\"[project]/node_modules/next/dist/next-devtools/userspace/app/segment-explorer-node.js [app-client] (ecmascript)\",[\"/_next/static/chunks/node_modules_next_0zl6c1m._.js\",\"/_next/static/chunks/app_components_0sfvq7t._.js\",\"/_next/static/chunks/app_layout_tsx_004glpo._.js\"],\"SegmentViewNode\"]\n9:\"$Sreact.fragment\"\n1d:I[\"[project]/app/components/ThemeProvider.tsx [app-client] (ecmascript)\",[\"/_next/static/chunks/node_modules_next_0zl6c1m._.js\",\"/_next/static/chunks/app_components_0sfvq7t._.js\",\"/_next/static/chunks/app_layout_tsx_004glpo._.js\"],\"ThemeProvider\"]\n20:I[\"[project]/app/components/Sidebar.tsx [app-client] (ecmascript)\",[\"/_next/static/chunks/node_modules_next_0zl6c1m._.js\",\"/_next/static/chunks/app_components_0sfvq7t._.js\",\"/_next/static/chunks/app_layout_tsx_004glpo._.js\"],\"default\"]\n28:I[\"[project]/node_modules/next/dist/client/components/layout-router.js [app-client] (ecmascript)\",[\"/_next/static/chunks/node_modules_next_0zl6c1m._.js\",\"/_next/static/chunks/app_components_0sfvq7t._.js\",\"/_next/static/chunks/app_layout_tsx_004glpo._.js\"],\"default\"]\n2a:I[\"[project]/node_modules/next/dist/client/components/render-from-template-context.js [app-client] (ecmascript)\",[\"/_next/static/chunks/node_modules_next_0zl6c1m._.js\",\"/_next/static/chunks/app_components_0sfvq7t._.js\",\"/_next/static/chunks/app_layout_tsx_004glpo._.js\"],\"default\"]\n48:I[\"[project]/app/components/LoginForm.tsx [app-client] (ecmascript)\",[\"/_next/static/chunks/node_modules_next_0zl6c1m._.js\",\"/_next/static/chunks/app_components_0sfvq7t._.js\",\"/_next/static/chunks/app_layout_tsx_004glpo._.js\",\"/_next/static/chunks/app_components_LoginForm_tsx_0hex2z9._.js\",\"/_next/static/chunks/app_login_page_tsx_0mfmja5._.js\"],\"default\"]\n50:I[\"[project]/node_modules/next/dist/lib/framework/boundary-components.js [app-client] (ecmascript)\",[\"/_next/static/chunks/node_modules_next_0zl6c1m._.js\",\"/_next/static/chunks/app_components_0sfvq7t._.js\",\"/_next/static/chunks/app_layout_tsx_004glpo._.js\"],\"OutletBoundary\"]\n52:\"$Sreact.suspense\"\n60:I[\"[project]/node_modules/next/dist/lib/framework/boundary-components.js [app-client] (ecmascript)\",[\"/_next/static/chunks/node_modules_next_0zl6c1m._.js\",\"/_next/static/chunks/app_components_0sfvq7t._.js\",\"/_next/static/chunks/app_layout_tsx_004glpo._.js\"],\"ViewportBoundary\"]\n6a:I[\"[project]/node_modules/next/dist/lib/framework/boundary-components.js [app-client] (ecmascript)\",[\"/_next/static/chunks/node_modules_next_0zl6c1m._.js\",\"/_next/static/chunks/app_components_0sfvq7t._.js\",\"/_next/static/chunks/app_layout_tsx_004glpo._.js\"],\"MetadataBoundary\"]\n70:I[\"[project]/node_modules/next/dist/client/components/builtin/global-error.js [app-client] (ecmascript)\",[\"/_next/static/chunks/node_modules_next_0zl6c1m._.js\",\"/_next/static/chunks/app_components_0sfvq7t._.js\",\"/_next/static/chunks/app_layout_tsx_004glpo._.js\",\"/_next/static/chunks/node_modules_next_dist_client_components_builtin_global-error_0mfmja5.js\"],\"default\",1]\n7e:I[\"[project]/node_modules/next/dist/lib/metadata/generate/icon-mark.js [app-client] (ecmascript)\",[\"/_next/static/chunks/node_modules_next_0zl6c1m._.js\",\"/_next/static/chunks/app_components_0sfvq7t._.js\",\"/_next/static/chunks/app_layout_tsx_004glpo._.js\"],\"IconMark\"]\n:HL[\"/_next/static/chunks/app_globals_0jn8.0u.css\",\"style\"]\n1:D\"$4\"\n1:D\"$2\"\n1:D\"$5\"\n1:null\ne:D\"$18\"\ne:D\"$f\"\ne:D\"$1a\"\n2c:D\"$2e\"\n2c:D\"$2d\"\n2c:D\"$30\"\n2c:D\"$2f\"\n2c:D\"$31\"\n2c:[[\"$\",\"title\",null,{\"children\":\"404: This page could not be found.\"},\"$2f\",\"$32\",1],[\"$\",\"div\",null,{\"style\":{\"fontFamily\":\"system-ui,\\\"Segoe UI\\\",Roboto,Helvetica,Arial,sans-serif,\\\"Apple Color Emoji\\\",\\\"Segoe UI Emoji\\\"\",\"height\":\"100vh\",\"textAlign\":\"center\",\"display\":\"flex\",\"flexDirection\":\"column\",\"alignItems\":\"center\",\"justifyContent\":\"center\"},\"children\":[\"$\",\"div\",null,{\"children\":[[\"$\",\"style\",null,{\"dangerouslySetInnerHTML\":{\"__html\":\"body{color:#000;background:#fff;margin:0}.next-error-h1{border-right:1px solid rgba(0,0,0,.3)}@media (prefers-color-scheme:dark){body{color:#fff;background:#000}.next-error-h1{border-right:1px solid rgba(255,255,255,.3)}}\"}},\"$2f\",\"$35\",1],[\"$\",\"h"])</script><script>self.__next_f.push([1,"1\",null,{\"className\":\"next-error-h1\",\"style\":{\"display\":\"inline-block\",\"margin\":\"0 20px 0 0\",\"padding\":\"0 23px 0 0\",\"fontSize\":24,\"fontWeight\":500,\"verticalAlign\":\"top\",\"lineHeight\":\"49px\"},\"children\":404},\"$2f\",\"$36\",1],[\"$\",\"div\",null,{\"style\":{\"display\":\"inline-block\"},\"children\":[\"$\",\"h2\",null,{\"style\":{\"fontSize\":14,\"fontWeight\":400,\"lineHeight\":\"49px\",\"margin\":0},\"children\":\"This page could not be found.\"},\"$2f\",\"$38\",1]},\"$2f\",\"$37\",1]]},\"$2f\",\"$34\",1]},\"$2f\",\"$33\",1]]\n"])</script><script>self.__next_f.push([1,"e:[\"$\",\"html\",null,{\"lang\":\"it\",\"children\":[\"$\",\"body\",null,{\"children\":[\"$\",\"$L1d\",null,{\"children\":[\"$\",\"div\",null,{\"style\":{\"display\":\"flex\",\"minHeight\":\"100vh\",\"background\":\"var(--bg)\"},\"children\":[[\"$\",\"$L20\",null,{},\"$f\",\"$1f\",1],[\"$\",\"div\",null,{\"style\":{\"flex\":1,\"display\":\"flex\",\"flexDirection\":\"column\",\"minWidth\":0},\"children\":[[\"$\",\"header\",null,{\"style\":{\"height\":\"78px\",\"borderBottom\":\"1px solid var(--border)\",\"display\":\"flex\",\"alignItems\":\"center\",\"justifyContent\":\"space-between\",\"padding\":\"0 32px\",\"background\":\"rgba(10,10,10,0.9)\",\"backdropFilter\":\"blur(10px)\",\"position\":\"sticky\",\"top\":0,\"zIndex\":50},\"children\":[\"$\",\"div\",null,{\"children\":[[\"$\",\"div\",null,{\"style\":{\"fontSize\":\"20px\",\"fontWeight\":700},\"children\":\"BodyGate Admin\"},\"$f\",\"$24\",1],[\"$\",\"div\",null,{\"style\":{\"color\":\"var(--muted)\",\"fontSize\":\"13px\"},\"children\":\"Access Control Management\"},\"$f\",\"$25\",1]]},\"$f\",\"$23\",1]},\"$f\",\"$22\",1],[\"$\",\"main\",null,{\"style\":{\"flex\":1,\"padding\":\"32px\",\"overflowX\":\"hidden\"},\"children\":[\"$\",\"$L28\",null,{\"parallelRouterKey\":\"children\",\"error\":\"$undefined\",\"errorStyles\":\"$undefined\",\"errorScripts\":\"$undefined\",\"template\":[\"$\",\"$L2a\",null,{},null,\"$29\",1],\"templateStyles\":\"$undefined\",\"templateScripts\":\"$undefined\",\"notFound\":[\"$\",\"$L7\",\"c-not-found\",{\"type\":\"not-found\",\"pagePath\":\"__next_builtin__not-found.js\",\"children\":[\"$2c\",[]]},null,\"$2b\",0],\"forbidden\":\"$undefined\",\"unauthorized\":\"$undefined\",\"segmentViewBoundaries\":[[\"$\",\"$L7\",null,{\"type\":\"boundary:not-found\",\"pagePath\":\"__next_builtin__not-found.js@boundary\"},null,\"$39\",1],\"$undefined\",\"$undefined\",[\"$\",\"$L7\",null,{\"type\":\"boundary:global-error\",\"pagePath\":\"__next_builtin__global-error.js\"},null,\"$3a\",1]]},null,\"$27\",1]},\"$f\",\"$26\",1]]},\"$f\",\"$21\",1]]},\"$f\",\"$1e\",1]},\"$f\",\"$1c\",1]},\"$f\",\"$1b\",1]},\"$f\",\"$19\",1]\n"])</script><script>self.__next_f.push([1,"40:D\"$44\"\n40:D\"$41\"\n40:D\"$46\"\n40:[\"$\",\"main\",null,{\"style\":{\"minHeight\":\"100vh\",\"background\":\"radial-gradient(circle at top, rgba(239,68,68,0.18), transparent 35%), var(--bg)\",\"display\":\"flex\",\"alignItems\":\"center\",\"justifyContent\":\"center\",\"padding\":\"30px\"},\"children\":[\"$\",\"$L48\",null,{},\"$41\",\"$47\",1]},\"$41\",\"$45\",1]\n4b:D\"$4d\"\n4b:D\"$4c\"\n4b:D\"$4f\"\n4b:[\"$\",\"$L50\",null,{\"children\":[\"$\",\"$52\",null,{\"name\":\"Next.MetadataOutlet\",\"children\":\"$@53\"},\"$4c\",\"$51\",1]},\"$4c\",\"$4e\",1]\n56:D\"$59\"\n56:D\"$57\"\n56:D\"$5a\"\n56:null\n5b:D\"$5d\"\n5b:D\"$5c\"\n5b:D\"$5f\"\n61:D\"$63\"\n61:D\"$62\"\n5b:[\"$\",\"$L60\",null,{\"children\":\"$L61\"},\"$5c\",\"$5e\",1]\n64:D\"$66\"\n64:D\"$65\"\n64:D\"$68\"\n6c:D\"$6e\"\n6c:D\"$6d\"\n64:[\"$\",\"div\",null,{\"hidden\":true,\"children\":[\"$\",\"$L6a\",null,{\"children\":[\"$\",\"$52\",null,{\"name\":\"Next.Metadata\",\"children\":\"$L6c\"},\"$65\",\"$6b\",1]},\"$65\",\"$69\",1]},\"$65\",\"$67\",1]\n6f:[]\n"])</script><script>self.__next_f.push([1,"0:{\"P\":\"$1\",\"c\":[\"\",\"login\"],\"q\":\"\",\"i\":true,\"f\":[[[\"\",{\"children\":[\"login\",{\"children\":[\"__PAGE__\",{}]}]},\"$undefined\",\"$undefined\",16],[[\"$\",\"$L7\",\"layout\",{\"type\":\"layout\",\"pagePath\":\"layout.tsx\",\"children\":[\"$\",\"$9\",\"c\",{\"children\":[[[\"$\",\"link\",\"0\",{\"rel\":\"stylesheet\",\"href\":\"/_next/static/chunks/app_globals_0jn8.0u.css\",\"precedence\":\"next_static/chunks/app_globals_0jn8.0u.css\",\"crossOrigin\":\"$undefined\",\"nonce\":\"$undefined\"},null,\"$a\",0],[\"$\",\"script\",\"script-0\",{\"src\":\"/_next/static/chunks/node_modules_next_0zl6c1m._.js\",\"async\":true,\"nonce\":\"$undefined\"},null,\"$b\",0],[\"$\",\"script\",\"script-1\",{\"src\":\"/_next/static/chunks/app_components_0sfvq7t._.js\",\"async\":true,\"nonce\":\"$undefined\"},null,\"$c\",0],[\"$\",\"script\",\"script-2\",{\"src\":\"/_next/static/chunks/app_layout_tsx_004glpo._.js\",\"async\":true,\"nonce\":\"$undefined\"},null,\"$d\",0]],\"$e\"]},null,\"$8\",1]},null,\"$6\",0],{\"children\":[[\"$\",\"$9\",\"c\",{\"children\":[null,[\"$\",\"$L28\",null,{\"parallelRouterKey\":\"children\",\"error\":\"$undefined\",\"errorStyles\":\"$undefined\",\"errorScripts\":\"$undefined\",\"template\":[\"$\",\"$L2a\",null,{},null,\"$3d\",1],\"templateStyles\":\"$undefined\",\"templateScripts\":\"$undefined\",\"notFound\":\"$undefined\",\"forbidden\":\"$undefined\",\"unauthorized\":\"$undefined\",\"segmentViewBoundaries\":[\"$undefined\",\"$undefined\",\"$undefined\",\"$undefined\"]},null,\"$3c\",1]]},null,\"$3b\",0],{\"children\":[[\"$\",\"$9\",\"c\",{\"children\":[[\"$\",\"$L7\",\"c-page\",{\"type\":\"page\",\"pagePath\":\"login/page.tsx\",\"children\":\"$40\"},null,\"$3f\",1],[[\"$\",\"script\",\"script-0\",{\"src\":\"/_next/static/chunks/app_components_LoginForm_tsx_0hex2z9._.js\",\"async\":true,\"nonce\":\"$undefined\"},null,\"$49\",0],[\"$\",\"script\",\"script-1\",{\"src\":\"/_next/static/chunks/app_login_page_tsx_0mfmja5._.js\",\"async\":true,\"nonce\":\"$undefined\"},null,\"$4a\",0]],\"$4b\"]},null,\"$3e\",0],{},null,false,null]},null,false,\"$@54\"]},null,false,null],[\"$\",\"$9\",\"h\",{\"children\":[\"$56\",\"$5b\",\"$64\",null]},null,\"$55\",0],false]],\"m\":\"$W6f\",\"G\":[\"$70\",[\"$\",\"$L7\",\"ge-svn\",{\"type\":\"global-error\",\"pagePath\":\"__next_builtin__global-error.js\",\"children\":[[\"$\",\"link\",\"0\",{\"rel\":\"stylesheet\",\"href\":\"/_next/static/chunks/app_globals_0jn8.0u.css\",\"precedence\":\"next_static/chunks/app_globals_0jn8.0u.css\",\"crossOrigin\":\"$undefined\",\"nonce\":\"$undefined\"},null,\"$72\",0]]},null,\"$71\",0]],\"S\":false,\"h\":null,\"s\":\"$undefined\",\"l\":\"$undefined\",\"p\":\"$undefined\",\"d\":\"$undefined\",\"b\":\"development\"}\n"])</script><script>self.__next_f.push([1,"73:[]\n54:D\"$74\"\n54:\"$W73\"\n61:D\"$75\"\n61:[[\"$\",\"meta\",\"0\",{\"charSet\":\"utf-8\"},\"$4c\",\"$76\",0],[\"$\",\"meta\",\"1\",{\"name\":\"viewport\",\"content\":\"width=device-width, initial-scale=1\"},\"$4c\",\"$77\",0]]\n53:D\"$78\"\n53:null\n6c:D\"$79\"\n6c:[[\"$\",\"title\",\"0\",{\"children\":\"BodyGate\"},\"$4c\",\"$7a\",0],[\"$\",\"meta\",\"1\",{\"name\":\"description\",\"content\":\"BodyGate Access Control Platform\"},\"$4c\",\"$7b\",0],[\"$\",\"link\",\"2\",{\"rel\":\"icon\",\"href\":\"/favicon.ico?favicon.0x3dzn~oxb6tn.ico\",\"sizes\":\"256x256\",\"type\":\"image/x-icon\"},\"$4c\",\"$7c\",0],[\"$\",\"$L7e\",\"3\",{},\"$4c\",\"$7d\",0]]\n"])</script></body></html>
[2026-05-15 14:55:03] ACCESSO NEGATO DA BODYGATE: 13184645
[2026-05-15 14:55:07] ================================
[2026-05-15 14:55:07] BADGE CENTRALINA
[2026-05-15 14:55:07] Badge: 13184645
[2026-05-15 14:55:07] Reader: 0
[2026-05-15 14:55:07] Door: 1
[2026-05-15 14:55:07] EventType: 1
[2026-05-15 14:55:07] Data/Ora evento: 15/11/2004 14:07:55
[2026-05-15 14:55:07] ================================
[2026-05-15 14:55:07] Verifica BodyGate per badge: 13184645
[2026-05-15 14:55:07] Risposta BodyGate: <!DOCTYPE html><html lang="it"><head><meta charSet="utf-8"/><meta name="viewport" content="width=device-width, initial-scale=1"/><link rel="stylesheet" href="/_next/static/chunks/app_globals_0jn8.0u.css" data-precedence="next_static/chunks/app_globals_0jn8.0u.css"/><link rel="preload" as="script" fetchPriority="low" href="/_next/static/chunks/%5Bturbopack%5D_browser_dev_hmr-client_hmr-client_ts_10z625~._.js"/><script src="/_next/static/chunks/node_modules_next_dist_compiled_next-devtools_index_0553esy.js" async=""></script><script src="/_next/static/chunks/node_modules_next_dist_compiled_react-dom_058-ah~._.js" async=""></script><script src="/_next/static/chunks/node_modules_next_dist_compiled_react-server-dom-turbopack_0p3wegg._.js" async=""></script><script src="/_next/static/chunks/node_modules_next_dist_compiled_0rpq4pf._.js" async=""></script><script src="/_next/static/chunks/node_modules_next_dist_client_0fhqo1d._.js" async=""></script><script src="/_next/static/chunks/node_modules_next_dist_115brz8._.js" async=""></script><script src="/_next/static/chunks/node_modules_%40swc_helpers_cjs_0-4ujiy._.js" async=""></script><script src="/_next/static/chunks/_0rqeker._.js" async=""></script><script src="/_next/static/chunks/turbopack-_0p44nws._.js" async=""></script><script src="/_next/static/chunks/node_modules_next_0zl6c1m._.js" async=""></script><script src="/_next/static/chunks/app_components_0sfvq7t._.js" async=""></script><script src="/_next/static/chunks/app_layout_tsx_004glpo._.js" async=""></script><script src="/_next/static/chunks/app_components_LoginForm_tsx_0hex2z9._.js" async=""></script><script src="/_next/static/chunks/app_login_page_tsx_0mfmja5._.js" async=""></script><script src="/_next/static/chunks/node_modules_next_dist_client_components_builtin_global-error_0mfmja5.js" async=""></script><title>BodyGate</title><meta name="description" content="BodyGate Access Control Platform"/><link rel="icon" href="/favicon.ico?favicon.0x3dzn~oxb6tn.ico" sizes="256x256" type="image/x-icon"/><script src="/_next/static/chunks/node_modules_next_dist_build_polyfills_polyfill-nomodule.js" noModule=""></script></head><body><div hidden=""><!--$--><!--/$--></div><div style="display:flex;min-height:100vh;background:var(--bg)"><aside style="width:280px;flex-shrink:0;background:var(--bg-soft);border-right:1px solid var(--border);display:flex;flex-direction:column;padding:24px"><div style="margin-bottom:40px"><div style="font-size:30px;font-weight:800;letter-spacing:-1px">BodyGate</div><div style="color:var(--muted);margin-top:8px;font-size:13px">Smart Gym Platform</div></div><nav style="display:flex;flex-direction:column;gap:10px"><a style="padding:14px 18px;border-radius:18px;text-decoration:none;color:var(--muted);background:transparent;border:1px solid var(--border);font-weight:500;transition:0.2s" href="/">Dashboard</a><a style="padding:14px 18px;border-radius:18px;text-decoration:none;color:var(--muted);background:transparent;border:1px solid var(--border);font-weight:500;transition:0.2s" href="/access-logs">Accessi</a><a style="padding:14px 18px;border-radius:18px;text-decoration:none;color:var(--muted);background:transparent;border:1px solid var(--border);font-weight:500;transition:0.2s" href="/customers">Clienti</a><a style="padding:14px 18px;border-radius:18px;text-decoration:none;color:var(--muted);background:transparent;border:1px solid var(--border);font-weight:500;transition:0.2s" href="/badges">Badge</a><a style="padding:14px 18px;border-radius:18px;text-decoration:none;color:var(--muted);background:transparent;border:1px solid var(--border);font-weight:500;transition:0.2s" href="/subscriptions">Abbonamenti</a><a style="padding:14px 18px;border-radius:18px;text-decoration:none;color:var(--muted);background:transparent;border:1px solid var(--border);font-weight:500;transition:0.2s" href="/payments">Pagamenti</a><a style="padding:14px 18px;border-radius:18px;text-decoration:none;color:var(--muted);background:transparent;border:1px solid var(--border);font-weight:500;transition:0.2s" href="/analytics">Analytics</a><a style="padding:14px 18px;border-radius:18px;text-decoration:none;color:var(--muted);background:transparent;border:1px solid var(--border);font-weight:500;transition:0.2s" href="/reception">Reception</a><a style="padding:14px 18px;border-radius:18px;text-decoration:none;color:var(--muted);background:transparent;border:1px solid var(--border);font-weight:500;transition:0.2s" href="/training">Training</a><a style="padding:14px 18px;border-radius:18px;text-decoration:none;color:var(--muted);background:transparent;border:1px solid var(--border);font-weight:500;transition:0.2s" href="/system">Sistema</a></nav><div style="margin-top:auto"><div style="background:var(--panel);border:1px solid var(--border);border-radius:22px;padding:18px"><div style="font-size:13px;color:var(--muted);margin-bottom:14px">Sistema online</div><button style="width:100%;border:none;background:#ef4444;color:white;padding:14px;border-radius:16px;font-weight:700">Logout</button></div></div></aside><div style="flex:1;display:flex;flex-direction:column;min-width:0"><header style="height:78px;border-bottom:1px solid var(--border);display:flex;align-items:center;justify-content:space-between;padding:0 32px;background:rgba(10,10,10,0.9);backdrop-filter:blur(10px);position:sticky;top:0;z-index:50"><div><div style="font-size:20px;font-weight:700">BodyGate Admin</div><div style="color:var(--muted);font-size:13px">Access Control Management</div></div></header><main style="flex:1;padding:32px;overflow-x:hidden"><main style="min-height:100vh;background:radial-gradient(circle at top, rgba(239,68,68,0.18), transparent 35%), var(--bg);display:flex;align-items:center;justify-content:center;padding:30px"><form style="width:100%;max-width:440px;background:var(--panel);border:1px solid var(--border);border-radius:28px;padding:34px;display:grid;gap:26px;box-shadow:0 30px 80px rgba(0,0,0,0.35)"><div><div style="font-size:42px;font-weight:bold;color:var(--text)">BodyGate</div><div style="margin-top:8px;color:var(--muted)">Access Control Platform</div></div><div style="display:grid;gap:16px"><label style="display:grid;gap:8px;color:var(--muted);font-size:13px;font-weight:700;letter-spacing:0.06em">EMAIL<input style="background:var(--bg-soft);color:var(--text);border:1px solid var(--border);border-radius:14px;padding:16px;outline:none;font-weight:600" placeholder="Email" value="admin@bodygate.it"/></label><label style="display:grid;gap:8px;color:var(--muted);font-size:13px;font-weight:700;letter-spacing:0.06em">PASSWORD<input type="password" style="background:var(--bg-soft);color:var(--text);border:1px solid var(--border);border-radius:14px;padding:16px;outline:none;font-weight:600" placeholder="Password" value="admin123"/></label></div><button type="submit" style="background:var(--accent);color:white;border:none;border-radius:14px;padding:16px;font-weight:bold;cursor:pointer;font-size:15px">Accedi</button></form></main><!--$--><!--/$--></main></div></div><script id="_R_">self.__next_r="T3fxbtoAMnerA3-RXploy"</script><script src="/_next/static/chunks/%5Bturbopack%5D_browser_dev_hmr-client_hmr-client_ts_10z625~._.js" async=""></script><script>(self.__next_f=self.__next_f||[]).push([0])</script><script>self.__next_f.push([1,"7:I[\"[project]/node_modules/next/dist/next-devtools/userspace/app/segment-explorer-node.js [app-client] (ecmascript)\",[\"/_next/static/chunks/node_modules_next_0zl6c1m._.js\",\"/_next/static/chunks/app_components_0sfvq7t._.js\",\"/_next/static/chunks/app_layout_tsx_004glpo._.js\"],\"SegmentViewNode\"]\n9:\"$Sreact.fragment\"\n1d:I[\"[project]/app/components/ThemeProvider.tsx [app-client] (ecmascript)\",[\"/_next/static/chunks/node_modules_next_0zl6c1m._.js\",\"/_next/static/chunks/app_components_0sfvq7t._.js\",\"/_next/static/chunks/app_layout_tsx_004glpo._.js\"],\"ThemeProvider\"]\n20:I[\"[project]/app/components/Sidebar.tsx [app-client] (ecmascript)\",[\"/_next/static/chunks/node_modules_next_0zl6c1m._.js\",\"/_next/static/chunks/app_components_0sfvq7t._.js\",\"/_next/static/chunks/app_layout_tsx_004glpo._.js\"],\"default\"]\n28:I[\"[project]/node_modules/next/dist/client/components/layout-router.js [app-client] (ecmascript)\",[\"/_next/static/chunks/node_modules_next_0zl6c1m._.js\",\"/_next/static/chunks/app_components_0sfvq7t._.js\",\"/_next/static/chunks/app_layout_tsx_004glpo._.js\"],\"default\"]\n2a:I[\"[project]/node_modules/next/dist/client/components/render-from-template-context.js [app-client] (ecmascript)\",[\"/_next/static/chunks/node_modules_next_0zl6c1m._.js\",\"/_next/static/chunks/app_components_0sfvq7t._.js\",\"/_next/static/chunks/app_layout_tsx_004glpo._.js\"],\"default\"]\n48:I[\"[project]/app/components/LoginForm.tsx [app-client] (ecmascript)\",[\"/_next/static/chunks/node_modules_next_0zl6c1m._.js\",\"/_next/static/chunks/app_components_0sfvq7t._.js\",\"/_next/static/chunks/app_layout_tsx_004glpo._.js\",\"/_next/static/chunks/app_components_LoginForm_tsx_0hex2z9._.js\",\"/_next/static/chunks/app_login_page_tsx_0mfmja5._.js\"],\"default\"]\n50:I[\"[project]/node_modules/next/dist/lib/framework/boundary-components.js [app-client] (ecmascript)\",[\"/_next/static/chunks/node_modules_next_0zl6c1m._.js\",\"/_next/static/chunks/app_components_0sfvq7t._.js\",\"/_next/static/chunks/app_layout_tsx_004glpo._.js\"],\"OutletBoundary\"]\n52:\"$Sreact.suspense\"\n60:I[\"[project]/node_modules/next/dist/lib/framework/boundary-components.js [app-client] (ecmascript)\",[\"/_next/static/chunks/node_modules_next_0zl6c1m._.js\",\"/_next/static/chunks/app_components_0sfvq7t._.js\",\"/_next/static/chunks/app_layout_tsx_004glpo._.js\"],\"ViewportBoundary\"]\n6a:I[\"[project]/node_modules/next/dist/lib/framework/boundary-components.js [app-client] (ecmascript)\",[\"/_next/static/chunks/node_modules_next_0zl6c1m._.js\",\"/_next/static/chunks/app_components_0sfvq7t._.js\",\"/_next/static/chunks/app_layout_tsx_004glpo._.js\"],\"MetadataBoundary\"]\n70:I[\"[project]/node_modules/next/dist/client/components/builtin/global-error.js [app-client] (ecmascript)\",[\"/_next/static/chunks/node_modules_next_0zl6c1m._.js\",\"/_next/static/chunks/app_components_0sfvq7t._.js\",\"/_next/static/chunks/app_layout_tsx_004glpo._.js\",\"/_next/static/chunks/node_modules_next_dist_client_components_builtin_global-error_0mfmja5.js\"],\"default\",1]\n7e:I[\"[project]/node_modules/next/dist/lib/metadata/generate/icon-mark.js [app-client] (ecmascript)\",[\"/_next/static/chunks/node_modules_next_0zl6c1m._.js\",\"/_next/static/chunks/app_components_0sfvq7t._.js\",\"/_next/static/chunks/app_layout_tsx_004glpo._.js\"],\"IconMark\"]\n:HL[\"/_next/static/chunks/app_globals_0jn8.0u.css\",\"style\"]\n1:D\"$4\"\n1:D\"$2\"\n1:D\"$5\"\n1:null\ne:D\"$18\"\ne:D\"$f\"\ne:D\"$1a\"\n2c:D\"$2e\"\n2c:D\"$2d\"\n2c:D\"$30\"\n2c:D\"$2f\"\n2c:D\"$31\"\n2c:[[\"$\",\"title\",null,{\"children\":\"404: This page could not be found.\"},\"$2f\",\"$32\",1],[\"$\",\"div\",null,{\"style\":{\"fontFamily\":\"system-ui,\\\"Segoe UI\\\",Roboto,Helvetica,Arial,sans-serif,\\\"Apple Color Emoji\\\",\\\"Segoe UI Emoji\\\"\",\"height\":\"100vh\",\"textAlign\":\"center\",\"display\":\"flex\",\"flexDirection\":\"column\",\"alignItems\":\"center\",\"justifyContent\":\"center\"},\"children\":[\"$\",\"div\",null,{\"children\":[[\"$\",\"style\",null,{\"dangerouslySetInnerHTML\":{\"__html\":\"body{color:#000;background:#fff;margin:0}.next-error-h1{border-right:1px solid rgba(0,0,0,.3)}@media (prefers-color-scheme:dark){body{color:#fff;background:#000}.next-error-h1{border-right:1px solid rgba(255,255,255,.3)}}\"}},\"$2f\",\"$35\",1],[\"$\",\"h"])</script><script>self.__next_f.push([1,"1\",null,{\"className\":\"next-error-h1\",\"style\":{\"display\":\"inline-block\",\"margin\":\"0 20px 0 0\",\"padding\":\"0 23px 0 0\",\"fontSize\":24,\"fontWeight\":500,\"verticalAlign\":\"top\",\"lineHeight\":\"49px\"},\"children\":404},\"$2f\",\"$36\",1],[\"$\",\"div\",null,{\"style\":{\"display\":\"inline-block\"},\"children\":[\"$\",\"h2\",null,{\"style\":{\"fontSize\":14,\"fontWeight\":400,\"lineHeight\":\"49px\",\"margin\":0},\"children\":\"This page could not be found.\"},\"$2f\",\"$38\",1]},\"$2f\",\"$37\",1]]},\"$2f\",\"$34\",1]},\"$2f\",\"$33\",1]]\n"])</script><script>self.__next_f.push([1,"e:[\"$\",\"html\",null,{\"lang\":\"it\",\"children\":[\"$\",\"body\",null,{\"children\":[\"$\",\"$L1d\",null,{\"children\":[\"$\",\"div\",null,{\"style\":{\"display\":\"flex\",\"minHeight\":\"100vh\",\"background\":\"var(--bg)\"},\"children\":[[\"$\",\"$L20\",null,{},\"$f\",\"$1f\",1],[\"$\",\"div\",null,{\"style\":{\"flex\":1,\"display\":\"flex\",\"flexDirection\":\"column\",\"minWidth\":0},\"children\":[[\"$\",\"header\",null,{\"style\":{\"height\":\"78px\",\"borderBottom\":\"1px solid var(--border)\",\"display\":\"flex\",\"alignItems\":\"center\",\"justifyContent\":\"space-between\",\"padding\":\"0 32px\",\"background\":\"rgba(10,10,10,0.9)\",\"backdropFilter\":\"blur(10px)\",\"position\":\"sticky\",\"top\":0,\"zIndex\":50},\"children\":[\"$\",\"div\",null,{\"children\":[[\"$\",\"div\",null,{\"style\":{\"fontSize\":\"20px\",\"fontWeight\":700},\"children\":\"BodyGate Admin\"},\"$f\",\"$24\",1],[\"$\",\"div\",null,{\"style\":{\"color\":\"var(--muted)\",\"fontSize\":\"13px\"},\"children\":\"Access Control Management\"},\"$f\",\"$25\",1]]},\"$f\",\"$23\",1]},\"$f\",\"$22\",1],[\"$\",\"main\",null,{\"style\":{\"flex\":1,\"padding\":\"32px\",\"overflowX\":\"hidden\"},\"children\":[\"$\",\"$L28\",null,{\"parallelRouterKey\":\"children\",\"error\":\"$undefined\",\"errorStyles\":\"$undefined\",\"errorScripts\":\"$undefined\",\"template\":[\"$\",\"$L2a\",null,{},null,\"$29\",1],\"templateStyles\":\"$undefined\",\"templateScripts\":\"$undefined\",\"notFound\":[\"$\",\"$L7\",\"c-not-found\",{\"type\":\"not-found\",\"pagePath\":\"__next_builtin__not-found.js\",\"children\":[\"$2c\",[]]},null,\"$2b\",0],\"forbidden\":\"$undefined\",\"unauthorized\":\"$undefined\",\"segmentViewBoundaries\":[[\"$\",\"$L7\",null,{\"type\":\"boundary:not-found\",\"pagePath\":\"__next_builtin__not-found.js@boundary\"},null,\"$39\",1],\"$undefined\",\"$undefined\",[\"$\",\"$L7\",null,{\"type\":\"boundary:global-error\",\"pagePath\":\"__next_builtin__global-error.js\"},null,\"$3a\",1]]},null,\"$27\",1]},\"$f\",\"$26\",1]]},\"$f\",\"$21\",1]]},\"$f\",\"$1e\",1]},\"$f\",\"$1c\",1]},\"$f\",\"$1b\",1]},\"$f\",\"$19\",1]\n"])</script><script>self.__next_f.push([1,"40:D\"$44\"\n40:D\"$41\"\n40:D\"$46\"\n40:[\"$\",\"main\",null,{\"style\":{\"minHeight\":\"100vh\",\"background\":\"radial-gradient(circle at top, rgba(239,68,68,0.18), transparent 35%), var(--bg)\",\"display\":\"flex\",\"alignItems\":\"center\",\"justifyContent\":\"center\",\"padding\":\"30px\"},\"children\":[\"$\",\"$L48\",null,{},\"$41\",\"$47\",1]},\"$41\",\"$45\",1]\n4b:D\"$4d\"\n4b:D\"$4c\"\n4b:D\"$4f\"\n4b:[\"$\",\"$L50\",null,{\"children\":[\"$\",\"$52\",null,{\"name\":\"Next.MetadataOutlet\",\"children\":\"$@53\"},\"$4c\",\"$51\",1]},\"$4c\",\"$4e\",1]\n56:D\"$59\"\n56:D\"$57\"\n56:D\"$5a\"\n56:null\n5b:D\"$5d\"\n5b:D\"$5c\"\n5b:D\"$5f\"\n61:D\"$63\"\n61:D\"$62\"\n5b:[\"$\",\"$L60\",null,{\"children\":\"$L61\"},\"$5c\",\"$5e\",1]\n64:D\"$66\"\n64:D\"$65\"\n64:D\"$68\"\n6c:D\"$6e\"\n6c:D\"$6d\"\n64:[\"$\",\"div\",null,{\"hidden\":true,\"children\":[\"$\",\"$L6a\",null,{\"children\":[\"$\",\"$52\",null,{\"name\":\"Next.Metadata\",\"children\":\"$L6c\"},\"$65\",\"$6b\",1]},\"$65\",\"$69\",1]},\"$65\",\"$67\",1]\n6f:[]\n"])</script><script>self.__next_f.push([1,"0:{\"P\":\"$1\",\"c\":[\"\",\"login\"],\"q\":\"\",\"i\":true,\"f\":[[[\"\",{\"children\":[\"login\",{\"children\":[\"__PAGE__\",{}]}]},\"$undefined\",\"$undefined\",16],[[\"$\",\"$L7\",\"layout\",{\"type\":\"layout\",\"pagePath\":\"layout.tsx\",\"children\":[\"$\",\"$9\",\"c\",{\"children\":[[[\"$\",\"link\",\"0\",{\"rel\":\"stylesheet\",\"href\":\"/_next/static/chunks/app_globals_0jn8.0u.css\",\"precedence\":\"next_static/chunks/app_globals_0jn8.0u.css\",\"crossOrigin\":\"$undefined\",\"nonce\":\"$undefined\"},null,\"$a\",0],[\"$\",\"script\",\"script-0\",{\"src\":\"/_next/static/chunks/node_modules_next_0zl6c1m._.js\",\"async\":true,\"nonce\":\"$undefined\"},null,\"$b\",0],[\"$\",\"script\",\"script-1\",{\"src\":\"/_next/static/chunks/app_components_0sfvq7t._.js\",\"async\":true,\"nonce\":\"$undefined\"},null,\"$c\",0],[\"$\",\"script\",\"script-2\",{\"src\":\"/_next/static/chunks/app_layout_tsx_004glpo._.js\",\"async\":true,\"nonce\":\"$undefined\"},null,\"$d\",0]],\"$e\"]},null,\"$8\",1]},null,\"$6\",0],{\"children\":[[\"$\",\"$9\",\"c\",{\"children\":[null,[\"$\",\"$L28\",null,{\"parallelRouterKey\":\"children\",\"error\":\"$undefined\",\"errorStyles\":\"$undefined\",\"errorScripts\":\"$undefined\",\"template\":[\"$\",\"$L2a\",null,{},null,\"$3d\",1],\"templateStyles\":\"$undefined\",\"templateScripts\":\"$undefined\",\"notFound\":\"$undefined\",\"forbidden\":\"$undefined\",\"unauthorized\":\"$undefined\",\"segmentViewBoundaries\":[\"$undefined\",\"$undefined\",\"$undefined\",\"$undefined\"]},null,\"$3c\",1]]},null,\"$3b\",0],{\"children\":[[\"$\",\"$9\",\"c\",{\"children\":[[\"$\",\"$L7\",\"c-page\",{\"type\":\"page\",\"pagePath\":\"login/page.tsx\",\"children\":\"$40\"},null,\"$3f\",1],[[\"$\",\"script\",\"script-0\",{\"src\":\"/_next/static/chunks/app_components_LoginForm_tsx_0hex2z9._.js\",\"async\":true,\"nonce\":\"$undefined\"},null,\"$49\",0],[\"$\",\"script\",\"script-1\",{\"src\":\"/_next/static/chunks/app_login_page_tsx_0mfmja5._.js\",\"async\":true,\"nonce\":\"$undefined\"},null,\"$4a\",0]],\"$4b\"]},null,\"$3e\",0],{},null,false,null]},null,false,\"$@54\"]},null,false,null],[\"$\",\"$9\",\"h\",{\"children\":[\"$56\",\"$5b\",\"$64\",null]},null,\"$55\",0],false]],\"m\":\"$W6f\",\"G\":[\"$70\",[\"$\",\"$L7\",\"ge-svn\",{\"type\":\"global-error\",\"pagePath\":\"__next_builtin__global-error.js\",\"children\":[[\"$\",\"link\",\"0\",{\"rel\":\"stylesheet\",\"href\":\"/_next/static/chunks/app_globals_0jn8.0u.css\",\"precedence\":\"next_static/chunks/app_globals_0jn8.0u.css\",\"crossOrigin\":\"$undefined\",\"nonce\":\"$undefined\"},null,\"$72\",0]]},null,\"$71\",0]],\"S\":false,\"h\":null,\"s\":\"$undefined\",\"l\":\"$undefined\",\"p\":\"$undefined\",\"d\":\"$undefined\",\"b\":\"development\"}\n"])</script><script>self.__next_f.push([1,"73:[]\n54:D\"$74\"\n54:\"$W73\"\n61:D\"$75\"\n61:[[\"$\",\"meta\",\"0\",{\"charSet\":\"utf-8\"},\"$4c\",\"$76\",0],[\"$\",\"meta\",\"1\",{\"name\":\"viewport\",\"content\":\"width=device-width, initial-scale=1\"},\"$4c\",\"$77\",0]]\n53:D\"$78\"\n53:null\n6c:D\"$79\"\n6c:[[\"$\",\"title\",\"0\",{\"children\":\"BodyGate\"},\"$4c\",\"$7a\",0],[\"$\",\"meta\",\"1\",{\"name\":\"description\",\"content\":\"BodyGate Access Control Platform\"},\"$4c\",\"$7b\",0],[\"$\",\"link\",\"2\",{\"rel\":\"icon\",\"href\":\"/favicon.ico?favicon.0x3dzn~oxb6tn.ico\",\"sizes\":\"256x256\",\"type\":\"image/x-icon\"},\"$4c\",\"$7c\",0],[\"$\",\"$L7e\",\"3\",{},\"$4c\",\"$7d\",0]]\n"])</script></body></html>
[2026-05-15 14:55:07] ACCESSO NEGATO DA BODYGATE: 13184645
